15377	16785	NODE_1_length_1409_cov_1.864106	+	1	1409	1409
607219	607255	NODE_1_length_1409_cov_1.864106	-	44	80	37
608549	608584	NODE_1_length_1409_cov_1.864106	-	1374	1409	36
88623	89705	NODE_2_length_1083_cov_1.457198	+	1	1083	1083
61790	62811	NODE_3_length_1022_cov_1.083764	+	1	1022	1022
24420	25375	NODE_4_length_956_cov_1.035516	-	1	956	956
66145	66656	NODE_5_length_905_cov_1.101176	+	1	512	512
66649	66741	NODE_5_length_905_cov_1.101176	+	420	512	93
5158	5601	NODE_5_length_905_cov_1.101176	-	1	444	444
2302719	2302756	NODE_5_length_905_cov_1.101176	-	408	445	38
3748107	3748206	NODE_5_length_905_cov_1.101176	-	498	597	100
3748226	3748508	NODE_5_length_905_cov_1.101176	-	617	899	283
3581453	3582222	NODE_6_length_842_cov_3.701398	+	1	770	770
19720	20561	NODE_6_length_842_cov_3.701398	-	1	842	842
278385	279152	NODE_6_length_842_cov_3.701398	-	75	842	768
1976527	1977292	NODE_6_length_842_cov_3.701398	-	77	842	766
62800	63526	NODE_7_length_727_cov_1.296131	+	1	727	727
77926	78643	NODE_8_length_718_cov_2.304676	+	1	718	718
14419	15133	NODE_9_length_715_cov_1.606061	+	1	715	715
57016	57721	NODE_10_length_706_cov_0.946237	-	1	706	706
37408	38096	NODE_11_length_689_cov_1.503155	+	1	689	689
55754	56388	NODE_12_length_635_cov_2.018966	-	1	635	635
51424	52010	NODE_13_length_587_cov_1.385338	+	1	587	587
18414	18997	NODE_14_length_584_cov_1.489603	+	1	584	584
10755	11300	NODE_15_length_546_cov_1.429735	-	1	546	546
8474	9015	NODE_16_length_542_cov_1.763860	-	1	542	542
87136	87667	NODE_17_length_532_cov_1.098532	-	1	532	532
17116	17646	NODE_18_length_531_cov_1.157563	+	1	531	531
19144	19664	NODE_19_length_521_cov_1.568670	-	1	521	521
79881	80364	NODE_20_length_484_cov_1.027972	+	1	484	484
30116	30589	NODE_21_length_474_cov_0.871122	+	1	474	474
10163	10615	NODE_22_length_453_cov_1.806533	-	1	453	453
68274	68726	NODE_23_length_453_cov_1.786432	+	1	453	453
21932	22382	NODE_24_length_451_cov_1.661616	+	1	451	451
53572	54003	NODE_25_length_432_cov_1.153846	+	1	432	432
11778	12205	NODE_26_length_428_cov_1.469169	+	1	428	428
13749	14174	NODE_27_length_426_cov_1.191375	+	1	426	426
33664	34081	NODE_28_length_418_cov_1.451791	-	1	418	418
75968	76385	NODE_29_length_418_cov_1.104683	-	1	418	418
21518	21925	NODE_30_length_408_cov_1.747875	+	1	408	408
83291	83697	NODE_31_length_407_cov_1.346591	+	1	407	407
28544	28950	NODE_32_length_407_cov_0.920455	-	1	407	407
23871	24272	NODE_33_length_402_cov_1.270893	-	1	402	402
32281	32678	NODE_34_length_398_cov_0.909621	+	1	398	398
35070	35459	NODE_35_length_390_cov_1.152239	+	1	390	390
1462513	1462794	NODE_35_length_390_cov_1.152239	-	107	388	282
48127	48513	NODE_36_length_387_cov_1.222892	+	1	387	387
3477891	3478041	NODE_36_length_387_cov_1.222892	-	1	151	151
84148	84532	NODE_37_length_385_cov_1.087879	+	1	385	385
26057	26434	NODE_38_length_378_cov_1.030960	+	1	378	378
12483	12856	NODE_39_length_374_cov_1.329154	+	1	374	374
2656371	2656501	NODE_39_length_374_cov_1.329154	-	150	280	131
53210	53582	NODE_40_length_373_cov_1.301887	-	1	373	373
480	851	NODE_41_length_372_cov_1.258675	+	1	372	372
29698	30069	NODE_42_length_372_cov_1.129338	-	1	372	372
50966	51337	NODE_43_length_372_cov_1.097792	-	1	372	372
35964	36334	NODE_44_length_371_cov_1.544304	+	1	371	371
85367	85734	NODE_45_length_368_cov_0.987220	+	1	368	368
73431	73798	NODE_46_length_368_cov_0.814696	+	1	368	368
13163	13528	NODE_47_length_366_cov_1.909968	+	1	366	366
2655628	2655805	NODE_47_length_366_cov_1.909968	-	28	205	178
85023	85386	NODE_48_length_364_cov_1.491909	+	1	364	364
25550	25911	NODE_49_length_362_cov_1.078176	+	1	362	362
3201162	3201195	NODE_49_length_362_cov_1.078176	-	113	146	34
3672404	3672442	NODE_49_length_362_cov_1.078176	-	117	155	39
3982299	3982350	NODE_49_length_362_cov_1.078176	-	155	206	52
92233	92591	NODE_50_length_359_cov_0.960526	+	1	359	359
69908	70262	NODE_51_length_355_cov_1.330000	-	1	355	355
23094	23448	NODE_52_length_355_cov_1.223333	+	1	355	355
58651	59005	NODE_53_length_355_cov_1.200000	+	1	355	355
75070	75420	NODE_54_length_351_cov_1.331081	-	1	351	351
42336	42686	NODE_55_length_351_cov_1.064189	+	1	351	351
79502	79848	NODE_56_length_347_cov_1.304795	-	1	347	347
85749	86091	NODE_57_length_343_cov_1.381944	-	1	343	343
3218	3558	NODE_58_length_341_cov_1.716783	+	1	341	341
59006	59346	NODE_59_length_341_cov_1.178322	+	1	341	341
58113	58449	NODE_60_length_337_cov_1.429078	+	1	337	337
997	1333	NODE_61_length_337_cov_0.751773	+	1	337	337
54557	54891	NODE_62_length_335_cov_1.807143	-	1	335	335
77598	77932	NODE_63_length_335_cov_1.260714	+	1	335	335
80554	80881	NODE_64_length_328_cov_1.128205	+	1	328	328
82495	82821	NODE_65_length_327_cov_0.797794	-	1	327	327
82916	83220	NODE_66_length_305_cov_1.436000	+	1	305	305
93842	94144	NODE_67_length_303_cov_0.927419	+	1	303	303
81814	82115	NODE_68_length_302_cov_0.923077	-	1	302	302
49287	49586	NODE_69_length_300_cov_0.918367	+	1	300	300
74220	74517	NODE_70_length_298_cov_1.065844	-	1	298	298
70258	70554	NODE_71_length_297_cov_1.409091	-	1	297	297
97495	97790	NODE_72_length_296_cov_1.589212	+	1	296	296
28080	28372	NODE_73_length_293_cov_1.168067	-	1	293	293
46027	46318	NODE_74_length_292_cov_1.025316	+	1	292	292
30588	30877	NODE_75_length_290_cov_1.034043	+	1	290	290
78667	78955	NODE_76_length_289_cov_0.961538	-	1	289	289
68723	69011	NODE_77_length_289_cov_0.914530	-	1	289	289
32995	33281	NODE_78_length_287_cov_1.112069	+	1	287	287
50382	50665	NODE_79_length_284_cov_0.960699	-	1	284	284
91308	91591	NODE_80_length_284_cov_0.947598	+	1	284	284
44349	44628	NODE_81_length_280_cov_0.817778	+	1	280	280
41387	41665	NODE_82_length_279_cov_0.950893	+	1	279	279
86537	86813	NODE_83_length_277_cov_1.216216	+	1	277	277
698642	698727	NODE_84_length_276_cov_2.361991	+	191	276	86
5590	5865	NODE_84_length_276_cov_2.361991	-	1	276	276
46968	47242	NODE_85_length_275_cov_1.609091	+	1	275	275
38693	38964	NODE_86_length_272_cov_1.023041	+	1	272	272
1570	1840	NODE_87_length_271_cov_0.833333	-	1	271	271
2109	2379	NODE_88_length_271_cov_0.652778	+	1	271	271
89998	90263	NODE_89_length_266_cov_1.488152	-	1	266	266
36835	37100	NODE_90_length_266_cov_1.236967	+	1	266	266
41139	41402	NODE_91_length_264_cov_2.234450	+	1	264	264
31040	31302	NODE_92_length_263_cov_0.918269	+	1	263	263
75720	75981	NODE_93_length_262_cov_1.642512	+	1	262	262
42764	43025	NODE_94_length_262_cov_0.816425	+	1	262	262
40280	40540	NODE_95_length_261_cov_1.563107	-	1	261	261
31579	31839	NODE_96_length_261_cov_1.466019	-	1	261	261
34297	34555	NODE_97_length_259_cov_1.392157	-	1	259	259
2793	3051	NODE_98_length_259_cov_1.382353	-	1	259	259
76388	76644	NODE_99_length_257_cov_1.113861	+	1	257	257
7170	7417	NODE_100_length_248_cov_1.362694	-	1	248	248
3561	3805	NODE_101_length_245_cov_0.815789	-	1	245	245
49639	49881	NODE_102_length_243_cov_1.170213	+	1	243	243
60502	60742	NODE_103_length_241_cov_0.903226	+	1	241	241
54238	54476	NODE_104_length_239_cov_0.951087	-	1	239	239
94297	94531	NODE_105_length_235_cov_1.405556	-	1	235	235
13518	13752	NODE_106_length_235_cov_1.216667	-	1	235	235
34838	35072	NODE_107_length_235_cov_0.905556	+	1	235	235
67082	67312	NODE_108_length_231_cov_2.125000	-	1	231	231
9195	9424	NODE_109_length_230_cov_1.182857	+	1	230	230
46477	46705	NODE_110_length_229_cov_1.183908	+	1	229	229
22791	23018	NODE_111_length_228_cov_1.011561	+	1	228	228
59343	59569	NODE_112_length_227_cov_1.197674	+	1	227	227
43821	44044	NODE_113_length_224_cov_1.260355	+	1	224	224
64209	64428	NODE_114_length_220_cov_0.884848	-	1	220	220
6755	6973	NODE_115_length_219_cov_0.823171	-	1	219	219
95704	95921	NODE_116_length_218_cov_1.006135	-	1	218	218
38192	38406	NODE_117_length_215_cov_0.812500	+	1	215	215
65542	65752	NODE_118_length_211_cov_1.019231	-	1	211	211
81025	81235	NODE_119_length_211_cov_0.865385	+	1	211	211
71845	72054	NODE_120_length_210_cov_0.909677	+	1	210	210
9532	9740	NODE_121_length_209_cov_1.168831	+	1	209	209
60725	60933	NODE_122_length_209_cov_0.870130	+	1	209	209
90811	91017	NODE_123_length_207_cov_0.592105	-	1	207	207
